<?xml version="1.0" encoding="UTF-8" ?>
<testsuite errors="0" failures="0" hostname="Owner-HP" name="project.model.IntersectionTest" skipped="0" tests="2" time="0.084" timestamp="2015-11-15T18:40:28">
  <properties>
[...]
</properties>
  <testcase classname="project.model.IntersectionTest" name="testRun" time="0.013" />
  <testcase classname="project.model.IntersectionTest" name="testConstructor" time="0.004" />
  <system-out><![CDATA[]]></system-out>
  <system-err><![CDATA[]]></system-err>
</testsuite>
